<?xml version="1.0" encoding="UTF-8"?>
<testsuite xmlns:xsi="http://www.w3.org/2001/XMLSchema-instance" xsi:noNamespaceSchemaLocation="https://maven.apache.org/surefire/maven-surefire-plugin/xsd/surefire-test-report.xsd" name="ca.ucalgary.rules599.test.AprioriTest" time="1.013" tests="30" errors="0" skipped="0" failures="0">
  <properties>
    <property name="sun.desktop" value="windows"/>
    <property name="awt.toolkit" value="sun.awt.windows.WToolkit"/>
    <property name="file.encoding.pkg" value="sun.io"/>
    <property name="java.specification.version" value="1.8"/>
    <property name="sun.cpu.isalist" value="amd64"/>
    <property name="sun.jnu.encoding" value="Cp1252"/>
    <property name="java.class.path" value="C:\Users\fag0007\IdeaProjects\test\Final_599\CPSC599.44-MachineLearning\target\test-classes;C:\Users\fag0007\IdeaProjects\test\Final_599\CPSC599.44-MachineLearning\target\classes;C:\Users\fag0007\.m2\repository\org\springframework\boot\spring-boot-starter\2.0.3.RELEASE\spring-boot-starter-2.0.3.RELEASE.jar;C:\Users\fag0007\.m2\repository\org\springframework\boot\spring-boot\2.0.3.RELEASE\spring-boot-2.0.3.RELEASE.jar;C:\Users\fag0007\.m2\repository\org\springframework\spring-context\5.0.7.RELEASE\spring-context-5.0.7.RELEASE.jar;C:\Users\fag0007\.m2\repository\org\springframework\spring-aop\5.0.7.RELEASE\spring-aop-5.0.7.RELEASE.jar;C:\Users\fag0007\.m2\repository\org\springframework\spring-beans\5.0.7.RELEASE\spring-beans-5.0.7.RELEASE.jar;C:\Users\fag0007\.m2\repository\org\springframework\spring-expression\5.0.7.RELEASE\spring-expression-5.0.7.RELEASE.jar;C:\Users\fag0007\.m2\repository\org\springframework\boot\spring-boot-autoconfigure\2.0.3.RELEASE\spring-boot-autoconfigure-2.0.3.RELEASE.jar;C:\Users\fag0007\.m2\repository\org\springframework\boot\spring-boot-starter-logging\2.0.3.RELEASE\spring-boot-starter-logging-2.0.3.RELEASE.jar;C:\Users\fag0007\.m2\repository\org\apache\logging\log4j\log4j-to-slf4j\2.10.0\log4j-to-slf4j-2.10.0.jar;C:\Users\fag0007\.m2\repository\org\apache\logging\log4j\log4j-api\2.10.0\log4j-api-2.10.0.jar;C:\Users\fag0007\.m2\repository\org\slf4j\jul-to-slf4j\1.7.25\jul-to-slf4j-1.7.25.jar;C:\Users\fag0007\.m2\repository\javax\annotation\javax.annotation-api\1.3.2\javax.annotation-api-1.3.2.jar;C:\Users\fag0007\.m2\repository\org\springframework\spring-core\5.0.7.RELEASE\spring-core-5.0.7.RELEASE.jar;C:\Users\fag0007\.m2\repository\org\springframework\spring-jcl\5.0.7.RELEASE\spring-jcl-5.0.7.RELEASE.jar;C:\Users\fag0007\.m2\repository\org\jetbrains\annotations\16.0.1\annotations-16.0.1.jar;C:\Users\fag0007\.m2\repository\org\springframework\boot\spring-boot-starter-test\2.2.6.RELEASE\spring-boot-starter-test-2.2.6.RELEASE.jar;C:\Users\fag0007\.m2\repository\org\springframework\boot\spring-boot-test\2.0.3.RELEASE\spring-boot-test-2.0.3.RELEASE.jar;C:\Users\fag0007\.m2\repository\org\springframework\boot\spring-boot-test-autoconfigure\2.0.3.RELEASE\spring-boot-test-autoconfigure-2.0.3.RELEASE.jar;C:\Users\fag0007\.m2\repository\com\jayway\jsonpath\json-path\2.4.0\json-path-2.4.0.jar;C:\Users\fag0007\.m2\repository\net\minidev\json-smart\2.3\json-smart-2.3.jar;C:\Users\fag0007\.m2\repository\net\minidev\accessors-smart\1.2\accessors-smart-1.2.jar;C:\Users\fag0007\.m2\repository\org\ow2\asm\asm\5.0.4\asm-5.0.4.jar;C:\Users\fag0007\.m2\repository\jakarta\xml\bind\jakarta.xml.bind-api\2.3.3\jakarta.xml.bind-api-2.3.3.jar;C:\Users\fag0007\.m2\repository\jakarta\activation\jakarta.activation-api\1.2.2\jakarta.activation-api-1.2.2.jar;C:\Users\fag0007\.m2\repository\org\junit\jupiter\junit-jupiter\5.5.2\junit-jupiter-5.5.2.jar;C:\Users\fag0007\.m2\repository\org\junit\jupiter\junit-jupiter-api\5.1.1\junit-jupiter-api-5.1.1.jar;C:\Users\fag0007\.m2\repository\org\opentest4j\opentest4j\1.0.0\opentest4j-1.0.0.jar;C:\Users\fag0007\.m2\repository\org\junit\platform\junit-platform-commons\1.1.1\junit-platform-commons-1.1.1.jar;C:\Users\fag0007\.m2\repository\org\junit\jupiter\junit-jupiter-params\5.1.1\junit-jupiter-params-5.1.1.jar;C:\Users\fag0007\.m2\repository\org\junit\jupiter\junit-jupiter-engine\5.1.1\junit-jupiter-engine-5.1.1.jar;C:\Users\fag0007\.m2\repository\org\junit\vintage\junit-vintage-engine\5.1.1\junit-vintage-engine-5.1.1.jar;C:\Users\fag0007\.m2\repository\org\apiguardian\apiguardian-api\1.0.0\apiguardian-api-1.0.0.jar;C:\Users\fag0007\.m2\repository\org\junit\platform\junit-platform-engine\1.1.1\junit-platform-engine-1.1.1.jar;C:\Users\fag0007\.m2\repository\org\mockito\mockito-junit-jupiter\3.1.0\mockito-junit-jupiter-3.1.0.jar;C:\Users\fag0007\.m2\repository\org\assertj\assertj-core\3.9.1\assertj-core-3.9.1.jar;C:\Users\fag0007\.m2\repository\org\hamcrest\hamcrest\2.1\hamcrest-2.1.jar;C:\Users\fag0007\.m2\repository\org\skyscreamer\jsonassert\1.5.0\jsonassert-1.5.0.jar;C:\Users\fag0007\.m2\repository\com\vaadin\external\google\android-json\0.0.20131108.vaadin1\android-json-0.0.20131108.vaadin1.jar;C:\Users\fag0007\.m2\repository\org\springframework\spring-test\5.0.7.RELEASE\spring-test-5.0.7.RELEASE.jar;C:\Users\fag0007\.m2\repository\org\xmlunit\xmlunit-core\2.5.1\xmlunit-core-2.5.1.jar;C:\Users\fag0007\.m2\repository\ch\qos\logback\logback-classic\1.2.3\logback-classic-1.2.3.jar;C:\Users\fag0007\.m2\repository\ch\qos\logback\logback-core\1.2.3\logback-core-1.2.3.jar;C:\Users\fag0007\.m2\repository\org\slf4j\slf4j-api\1.7.25\slf4j-api-1.7.25.jar;C:\Users\fag0007\.m2\repository\org\projectlombok\lombok\1.18.2\lombok-1.18.2.jar;C:\Users\fag0007\.m2\repository\commons-logging\commons-logging\1.2\commons-logging-1.2.jar;C:\Users\fag0007\.m2\repository\org\apache\commons\commons-lang3\3.10\commons-lang3-3.10.jar;C:\Users\fag0007\.m2\repository\com\opencsv\opencsv\5.1\opencsv-5.1.jar;C:\Users\fag0007\.m2\repository\org\apache\commons\commons-text\1.8\commons-text-1.8.jar;C:\Users\fag0007\.m2\repository\commons-beanutils\commons-beanutils\1.9.4\commons-beanutils-1.9.4.jar;C:\Users\fag0007\.m2\repository\commons-collections\commons-collections\3.2.2\commons-collections-3.2.2.jar;C:\Users\fag0007\.m2\repository\org\apache\commons\commons-collections4\4.4\commons-collections4-4.4.jar;C:\Users\fag0007\.m2\repository\org\yaml\snakeyaml\1.26\snakeyaml-1.26.jar;C:\Users\fag0007\.m2\repository\junit\junit\4.13\junit-4.13.jar;C:\Users\fag0007\.m2\repository\org\hamcrest\hamcrest-core\1.3\hamcrest-core-1.3.jar;C:\Users\fag0007\.m2\repository\org\mockito\mockito-core\2.22.0\mockito-core-2.22.0.jar;C:\Users\fag0007\.m2\repository\net\bytebuddy\byte-buddy\1.7.11\byte-buddy-1.7.11.jar;C:\Users\fag0007\.m2\repository\net\bytebuddy\byte-buddy-agent\1.7.11\byte-buddy-agent-1.7.11.jar;C:\Users\fag0007\.m2\repository\org\objenesis\objenesis\2.6\objenesis-2.6.jar;"/>
    <property name="java.vm.vendor" value="Oracle Corporation"/>
    <property name="sun.arch.data.model" value="64"/>
    <property name="user.variant" value=""/>
    <property name="java.vendor.url" value="http://java.oracle.com/"/>
    <property name="user.timezone" value=""/>
    <property name="java.vm.specification.version" value="1.8"/>
    <property name="os.name" value="Windows 10"/>
    <property name="user.country" value="US"/>
    <property name="sun.java.launcher" value="SUN_STANDARD"/>
    <property name="sun.boot.library.path" value="C:\Program Files\Java\jdk1.8.0_151\jre\bin"/>
    <property name="sun.java.command" value="C:\Users\fag0007\AppData\Local\Temp\1\surefire8948137825320756902\surefirebooter5048436325981639437.jar C:\Users\fag0007\AppData\Local\Temp\1\surefire8948137825320756902 2020-04-15T02-20-55_873-jvmRun1 surefire6025325538830187787tmp surefire_03156816726252426544tmp"/>
    <property name="surefire.test.class.path" value="C:\Users\fag0007\IdeaProjects\test\Final_599\CPSC599.44-MachineLearning\target\test-classes;C:\Users\fag0007\IdeaProjects\test\Final_599\CPSC599.44-MachineLearning\target\classes;C:\Users\fag0007\.m2\repository\org\springframework\boot\spring-boot-starter\2.0.3.RELEASE\spring-boot-starter-2.0.3.RELEASE.jar;C:\Users\fag0007\.m2\repository\org\springframework\boot\spring-boot\2.0.3.RELEASE\spring-boot-2.0.3.RELEASE.jar;C:\Users\fag0007\.m2\repository\org\springframework\spring-context\5.0.7.RELEASE\spring-context-5.0.7.RELEASE.jar;C:\Users\fag0007\.m2\repository\org\springframework\spring-aop\5.0.7.RELEASE\spring-aop-5.0.7.RELEASE.jar;C:\Users\fag0007\.m2\repository\org\springframework\spring-beans\5.0.7.RELEASE\spring-beans-5.0.7.RELEASE.jar;C:\Users\fag0007\.m2\repository\org\springframework\spring-expression\5.0.7.RELEASE\spring-expression-5.0.7.RELEASE.jar;C:\Users\fag0007\.m2\repository\org\springframework\boot\spring-boot-autoconfigure\2.0.3.RELEASE\spring-boot-autoconfigure-2.0.3.RELEASE.jar;C:\Users\fag0007\.m2\repository\org\springframework\boot\spring-boot-starter-logging\2.0.3.RELEASE\spring-boot-starter-logging-2.0.3.RELEASE.jar;C:\Users\fag0007\.m2\repository\org\apache\logging\log4j\log4j-to-slf4j\2.10.0\log4j-to-slf4j-2.10.0.jar;C:\Users\fag0007\.m2\repository\org\apache\logging\log4j\log4j-api\2.10.0\log4j-api-2.10.0.jar;C:\Users\fag0007\.m2\repository\org\slf4j\jul-to-slf4j\1.7.25\jul-to-slf4j-1.7.25.jar;C:\Users\fag0007\.m2\repository\javax\annotation\javax.annotation-api\1.3.2\javax.annotation-api-1.3.2.jar;C:\Users\fag0007\.m2\repository\org\springframework\spring-core\5.0.7.RELEASE\spring-core-5.0.7.RELEASE.jar;C:\Users\fag0007\.m2\repository\org\springframework\spring-jcl\5.0.7.RELEASE\spring-jcl-5.0.7.RELEASE.jar;C:\Users\fag0007\.m2\repository\org\jetbrains\annotations\16.0.1\annotations-16.0.1.jar;C:\Users\fag0007\.m2\repository\org\springframework\boot\spring-boot-starter-test\2.2.6.RELEASE\spring-boot-starter-test-2.2.6.RELEASE.jar;C:\Users\fag0007\.m2\repository\org\springframework\boot\spring-boot-test\2.0.3.RELEASE\spring-boot-test-2.0.3.RELEASE.jar;C:\Users\fag0007\.m2\repository\org\springframework\boot\spring-boot-test-autoconfigure\2.0.3.RELEASE\spring-boot-test-autoconfigure-2.0.3.RELEASE.jar;C:\Users\fag0007\.m2\repository\com\jayway\jsonpath\json-path\2.4.0\json-path-2.4.0.jar;C:\Users\fag0007\.m2\repository\net\minidev\json-smart\2.3\json-smart-2.3.jar;C:\Users\fag0007\.m2\repository\net\minidev\accessors-smart\1.2\accessors-smart-1.2.jar;C:\Users\fag0007\.m2\repository\org\ow2\asm\asm\5.0.4\asm-5.0.4.jar;C:\Users\fag0007\.m2\repository\jakarta\xml\bind\jakarta.xml.bind-api\2.3.3\jakarta.xml.bind-api-2.3.3.jar;C:\Users\fag0007\.m2\repository\jakarta\activation\jakarta.activation-api\1.2.2\jakarta.activation-api-1.2.2.jar;C:\Users\fag0007\.m2\repository\org\junit\jupiter\junit-jupiter\5.5.2\junit-jupiter-5.5.2.jar;C:\Users\fag0007\.m2\repository\org\junit\jupiter\junit-jupiter-api\5.1.1\junit-jupiter-api-5.1.1.jar;C:\Users\fag0007\.m2\repository\org\opentest4j\opentest4j\1.0.0\opentest4j-1.0.0.jar;C:\Users\fag0007\.m2\repository\org\junit\platform\junit-platform-commons\1.1.1\junit-platform-commons-1.1.1.jar;C:\Users\fag0007\.m2\repository\org\junit\jupiter\junit-jupiter-params\5.1.1\junit-jupiter-params-5.1.1.jar;C:\Users\fag0007\.m2\repository\org\junit\jupiter\junit-jupiter-engine\5.1.1\junit-jupiter-engine-5.1.1.jar;C:\Users\fag0007\.m2\repository\org\junit\vintage\junit-vintage-engine\5.1.1\junit-vintage-engine-5.1.1.jar;C:\Users\fag0007\.m2\repository\org\apiguardian\apiguardian-api\1.0.0\apiguardian-api-1.0.0.jar;C:\Users\fag0007\.m2\repository\org\junit\platform\junit-platform-engine\1.1.1\junit-platform-engine-1.1.1.jar;C:\Users\fag0007\.m2\repository\org\mockito\mockito-junit-jupiter\3.1.0\mockito-junit-jupiter-3.1.0.jar;C:\Users\fag0007\.m2\repository\org\assertj\assertj-core\3.9.1\assertj-core-3.9.1.jar;C:\Users\fag0007\.m2\repository\org\hamcrest\hamcrest\2.1\hamcrest-2.1.jar;C:\Users\fag0007\.m2\repository\org\skyscreamer\jsonassert\1.5.0\jsonassert-1.5.0.jar;C:\Users\fag0007\.m2\repository\com\vaadin\external\google\android-json\0.0.20131108.vaadin1\android-json-0.0.20131108.vaadin1.jar;C:\Users\fag0007\.m2\repository\org\springframework\spring-test\5.0.7.RELEASE\spring-test-5.0.7.RELEASE.jar;C:\Users\fag0007\.m2\repository\org\xmlunit\xmlunit-core\2.5.1\xmlunit-core-2.5.1.jar;C:\Users\fag0007\.m2\repository\ch\qos\logback\logback-classic\1.2.3\logback-classic-1.2.3.jar;C:\Users\fag0007\.m2\repository\ch\qos\logback\logback-core\1.2.3\logback-core-1.2.3.jar;C:\Users\fag0007\.m2\repository\org\slf4j\slf4j-api\1.7.25\slf4j-api-1.7.25.jar;C:\Users\fag0007\.m2\repository\org\projectlombok\lombok\1.18.2\lombok-1.18.2.jar;C:\Users\fag0007\.m2\repository\commons-logging\commons-logging\1.2\commons-logging-1.2.jar;C:\Users\fag0007\.m2\repository\org\apache\commons\commons-lang3\3.10\commons-lang3-3.10.jar;C:\Users\fag0007\.m2\repository\com\opencsv\opencsv\5.1\opencsv-5.1.jar;C:\Users\fag0007\.m2\repository\org\apache\commons\commons-text\1.8\commons-text-1.8.jar;C:\Users\fag0007\.m2\repository\commons-beanutils\commons-beanutils\1.9.4\commons-beanutils-1.9.4.jar;C:\Users\fag0007\.m2\repository\commons-collections\commons-collections\3.2.2\commons-collections-3.2.2.jar;C:\Users\fag0007\.m2\repository\org\apache\commons\commons-collections4\4.4\commons-collections4-4.4.jar;C:\Users\fag0007\.m2\repository\org\yaml\snakeyaml\1.26\snakeyaml-1.26.jar;C:\Users\fag0007\.m2\repository\junit\junit\4.13\junit-4.13.jar;C:\Users\fag0007\.m2\repository\org\hamcrest\hamcrest-core\1.3\hamcrest-core-1.3.jar;C:\Users\fag0007\.m2\repository\org\mockito\mockito-core\2.22.0\mockito-core-2.22.0.jar;C:\Users\fag0007\.m2\repository\net\bytebuddy\byte-buddy\1.7.11\byte-buddy-1.7.11.jar;C:\Users\fag0007\.m2\repository\net\bytebuddy\byte-buddy-agent\1.7.11\byte-buddy-agent-1.7.11.jar;C:\Users\fag0007\.m2\repository\org\objenesis\objenesis\2.6\objenesis-2.6.jar;"/>
    <property name="sun.cpu.endian" value="little"/>
    <property name="user.home" value="C:\Users\fag0007"/>
    <property name="user.language" value="en"/>
    <property name="java.specification.vendor" value="Oracle Corporation"/>
    <property name="java.home" value="C:\Program Files\Java\jdk1.8.0_151\jre"/>
    <property name="basedir" value="C:\Users\fag0007\IdeaProjects\test\Final_599\CPSC599.44-MachineLearning"/>
    <property name="file.separator" value="\"/>
    <property name="line.separator" value="&#10;"/>
    <property name="java.vm.specification.vendor" value="Oracle Corporation"/>
    <property name="java.specification.name" value="Java Platform API Specification"/>
    <property name="java.awt.graphicsenv" value="sun.awt.Win32GraphicsEnvironment"/>
    <property name="surefire.real.class.path" value="C:\Users\fag0007\AppData\Local\Temp\1\surefire8948137825320756902\surefirebooter5048436325981639437.jar"/>
    <property name="sun.boot.class.path" value="C:\Program Files\Java\jdk1.8.0_151\jre\lib\resources.jar;C:\Program Files\Java\jdk1.8.0_151\jre\lib\rt.jar;C:\Program Files\Java\jdk1.8.0_151\jre\lib\sunrsasign.jar;C:\Program Files\Java\jdk1.8.0_151\jre\lib\jsse.jar;C:\Program Files\Java\jdk1.8.0_151\jre\lib\jce.jar;C:\Program Files\Java\jdk1.8.0_151\jre\lib\charsets.jar;C:\Program Files\Java\jdk1.8.0_151\jre\lib\jfr.jar;C:\Program Files\Java\jdk1.8.0_151\jre\classes"/>
    <property name="user.script" value=""/>
    <property name="sun.management.compiler" value="HotSpot 64-Bit Tiered Compilers"/>
    <property name="java.runtime.version" value="1.8.0_151-b12"/>
    <property name="user.name" value="fag0007"/>
    <property name="path.separator" value=";"/>
    <property name="os.version" value="10.0"/>
    <property name="java.endorsed.dirs" value="C:\Program Files\Java\jdk1.8.0_151\jre\lib\endorsed"/>
    <property name="java.runtime.name" value="Java(TM) SE Runtime Environment"/>
    <property name="file.encoding" value="Cp1252"/>
    <property name="java.vm.name" value="Java HotSpot(TM) 64-Bit Server VM"/>
    <property name="localRepository" value="C:\Users\fag0007\.m2\repository"/>
    <property name="java.vendor.url.bug" value="http://bugreport.sun.com/bugreport/"/>
    <property name="java.io.tmpdir" value="C:\Users\fag0007\AppData\Local\Temp\1\"/>
    <property name="idea.version" value="2018.2.8"/>
    <property name="java.version" value="1.8.0_151"/>
    <property name="user.dir" value="C:\Users\fag0007\IdeaProjects\test\Final_599\CPSC599.44-MachineLearning"/>
    <property name="os.arch" value="amd64"/>
    <property name="java.vm.specification.name" value="Java Virtual Machine Specification"/>
    <property name="java.awt.printerjob" value="sun.awt.windows.WPrinterJob"/>
    <property name="sun.os.patch.level" value=""/>
    <property name="java.library.path" value="C:\Program Files\Java\jdk1.8.0_151\jre\bin;C:\WINDOWS\Sun\Java\bin;C:\WINDOWS\system32;C:\WINDOWS;C:\Python27\;C:\Python27\Scripts;C:\Program Files (x86)\Intel\Intel(R) Management Engine Components\iCLS\;C:\Program Files\Intel\Intel(R) Management Engine Components\iCLS\;C:\Program Files (x86)\Common Files\Oracle\Java\javapath;C:\ProgramData\Oracle\Java\javapath;C:\WINDOWS\system32;C:\WINDOWS;C:\WINDOWS\System32\Wbem;C:\WINDOWS\System32\WindowsPowerShell\v1.0\;C:\Program Files\Java\jdk1.8.0_151\bin;C:\Program Files\1E\NomadBranch\;C:\kafka\zookeeper-3.4.12\bin;C:\PostgreSQL\pg10\bin;C:\PostgreSQL\pg96\bin;C:\Program Files (x86)\Intel\Intel(R) Management Engine Components\DAL;C:\Program Files\Intel\Intel(R) Management Engine Components\DAL;C:\Program Files (x86)\Intel\Intel(R) Management Engine Components\IPT;C:\Program Files\Intel\Intel(R) Management Engine Components\IPT;C:\Program Files (x86)\NVIDIA Corporation\PhysX\Common;C:\ProgramData\chocolatey\bin;C:\Program Files\TortoiseSVN\bin;C:\Program Files (x86)\PuTTY\;C:\WINDOWS\system32;C:\WINDOWS;C:\WINDOWS\System32\Wbem;C:\WINDOWS\System32\WindowsPowerShell\v1.0\;C:\WINDOWS\System32\OpenSSH\;C:\Program Files\nodejs\;C:\Program Files\Docker\Docker\resources\bin;C:\ProgramData\DockerDesktop\version-bin;C:\Program Files\Git\cmd;C:\Ruby25-x64\bin;C:\Users\fag0007\AppData\Local\Microsoft\WindowsApps;C:\Program Files\JetBrains\PyCharm Community Edition 2019.2.3\bin;;C:\Users\fag0007\AppData\Roaming\npm;;."/>
    <property name="java.vm.info" value="mixed mode"/>
    <property name="java.vendor" value="Oracle Corporation"/>
    <property name="java.vm.version" value="25.151-b12"/>
    <property name="java.ext.dirs" value="C:\Program Files\Java\jdk1.8.0_151\jre\lib\ext;C:\WINDOWS\Sun\Java\lib\ext"/>
    <property name="sun.io.unicode.encoding" value="UnicodeLittle"/>
    <property name="java.class.version" value="52.0"/>
  </properties>
  <testcase name="testSetMaxConfidenceThrowsExceptionWhenConfidenceIsLessThanMinConfidence" classname="ca.ucalgary.rules599.test.AprioriTest" time="0.011"/>
  <testcase name="testSetMaxConfidenceThrowsExceptionWhenConfidenceIsGreaterThanOne" classname="ca.ucalgary.rules599.test.AprioriTest" time="0"/>
  <testcase name="testConstructorWithConfigurationParameter" classname="ca.ucalgary.rules599.test.AprioriTest" time="0.806"/>
  <testcase name="testSetSupportDeltaThrowsExceptionWhenDeltaIsNotGreaterThanOne" classname="ca.ucalgary.rules599.test.AprioriTest" time="0"/>
  <testcase name="testConfigurationDefaultConstructor" classname="ca.ucalgary.rules599.test.AprioriTest" time="0"/>
  <testcase name="testSetMinSupportThrowsExceptionWhenSupportIsLessThanZero" classname="ca.ucalgary.rules599.test.AprioriTest" time="0"/>
  <testcase name="testBuilderWhenTryingToFindASpecificNumberOfFrequentItemSets" classname="ca.ucalgary.rules599.test.AprioriTest" time="0.001"/>
  <testcase name="testSetRuleCountThrowsExceptionWhenCountIsLessThanZero" classname="ca.ucalgary.rules599.test.AprioriTest" time="0"/>
  <testcase name="testConstructorWithConfigurationAndTaskParametersThrowsExceptionWhenAssociationRuleGeneratorTaskIsNull" classname="ca.ucalgary.rules599.test.AprioriTest" time="0"/>
  <testcase name="testClone" classname="ca.ucalgary.rules599.test.AprioriTest" time="0.001"/>
  <testcase name="testToString" classname="ca.ucalgary.rules599.test.AprioriTest" time="0"/>
  <testcase name="testExecuteThrowsException" classname="ca.ucalgary.rules599.test.AprioriTest" time="0"/>
  <testcase name="testExecuteWhenNotGeneratingRules" classname="ca.ucalgary.rules599.test.AprioriTest" time="0.081"/>
  <testcase name="testSetMinSupportThrowsExceptionWhenSupportIsGreaterThanMaxSupport" classname="ca.ucalgary.rules599.test.AprioriTest" time="0.001"/>
  <testcase name="testSetMinConfidenceThrowsExceptionWhenConfidenceIsLessThanZero" classname="ca.ucalgary.rules599.test.AprioriTest" time="0"/>
  <testcase name="testExecuteWhenGeneratingRules" classname="ca.ucalgary.rules599.test.AprioriTest" time="0.006"/>
  <testcase name="testSetFrequentItemSetCountThrowsExceptionWhenCountIsLessThanZero" classname="ca.ucalgary.rules599.test.AprioriTest" time="0"/>
  <testcase name="testConstructorWithConfigurationAndTaskParameters" classname="ca.ucalgary.rules599.test.AprioriTest" time="0"/>
  <testcase name="testBuilderWhenNotTryingToFindASpecificNumberOfFrequentItemSets" classname="ca.ucalgary.rules599.test.AprioriTest" time="0.001"/>
  <testcase name="testBuilderWhenTryingToGenerateASpecificNumberOfAssociationRules" classname="ca.ucalgary.rules599.test.AprioriTest" time="0"/>
  <testcase name="testConstructorWithConfigurationParameterThrowsException" classname="ca.ucalgary.rules599.test.AprioriTest" time="0.001"/>
  <testcase name="testSetMaxSupportThrowsExceptionWhenSupportIsLessThanMinSupport" classname="ca.ucalgary.rules599.test.AprioriTest" time="0"/>
  <testcase name="testHashCode" classname="ca.ucalgary.rules599.test.AprioriTest" time="0.015"/>
  <testcase name="testBuilderWhenGeneratingAssociationRules" classname="ca.ucalgary.rules599.test.AprioriTest" time="0.001"/>
  <testcase name="testConstructorWithConfigurationAndTaskParametersThrowsExceptionWhenFrequentItemSetMinerTaskIsNull" classname="ca.ucalgary.rules599.test.AprioriTest" time="0"/>
  <testcase name="testEquals" classname="ca.ucalgary.rules599.test.AprioriTest" time="0"/>
  <testcase name="testConstructorWithConfigurationAndTaskParametersThrowsExceptionWhenConfigurationIsNull" classname="ca.ucalgary.rules599.test.AprioriTest" time="0"/>
  <testcase name="testSetConfidenceDeltaThrowsExceptionWhenDeltaIsNotGreaterThanZero" classname="ca.ucalgary.rules599.test.AprioriTest" time="0"/>
  <testcase name="testSetMaxSupportThrowsExceptionWhenSupportIsGreaterThanOne" classname="ca.ucalgary.rules599.test.AprioriTest" time="0.001"/>
  <testcase name="testSetMinConfidenceThrowsExceptionWhenConfidenceIsGreaterThanMaxConfidence" classname="ca.ucalgary.rules599.test.AprioriTest" time="0"/>
</testsuite>